<?xml version="1.0" encoding="UTF-8"?>
<testng-results ignored="0" total="1" passed="1" failed="0" skipped="0">
  <reporter-output>
  </reporter-output>
  <suite started-at="2022-09-27T15:38:36 IST" name="Default suite" finished-at="2022-09-27T15:38:36 IST" duration-ms="138">
    <groups>
    </groups>
    <test started-at="2022-09-27T15:38:36 IST" name="Default test" finished-at="2022-09-27T15:38:36 IST" duration-ms="138">
      <class name="myfirstPackage.testngclass">
        <test-method is-config="true" signature="beforeclass()[pri:0, instance:myfirstPackage.testngclass@6ef888f6]" started-at="2022-09-27T15:38:36 IST" name="beforeclass" finished-at="2022-09-27T15:38:36 IST" duration-ms="22" status="PASS">
          <reporter-output>
          </reporter-output>
        </test-method> <!-- beforeclass -->
        <test-method is-config="true" signature="beforemethod()[pri:0, instance:myfirstPackage.testngclass@6ef888f6]" started-at="2022-09-27T15:38:36 IST" name="beforemethod" finished-at="2022-09-27T15:38:36 IST" duration-ms="5" status="PASS">
          <reporter-output>
          </reporter-output>
        </test-method> <!-- beforemethod -->
        <test-method signature="test()[pri:0, instance:myfirstPackage.testngclass@6ef888f6]" started-at="2022-09-27T15:38:36 IST" name="test" finished-at="2022-09-27T15:38:36 IST" duration-ms="17" status="PASS">
          <reporter-output>
          </reporter-output>
        </test-method> <!-- test -->
      </class> <!-- myfirstPackage.testngclass -->
    </test> <!-- Default test -->
  </suite> <!-- Default suite -->
</testng-results>
